Determining if the pthread_create exist failed with the following output:
Change Dir: /home/vargoal/CERBERUS/build/CMakeFiles/CMakeTmp

Run Build Command:"/usr/bin/make" "cmTC_37945/fast"
/usr/bin/make -f CMakeFiles/cmTC_37945.dir/build.make CMakeFiles/cmTC_37945.dir/build
make[1]: Entering directory '/home/vargoal/CERBERUS/build/CMakeFiles/CMakeTmp'
Building C object CMakeFiles/cmTC_37945.dir/CheckSymbolExists.c.o
/usr/bin/cc     -o CMakeFiles/cmTC_37945.dir/CheckSymbolExists.c.o   -c /home/vargoal/CERBERUS/build/CMakeFiles/CMakeTmp/CheckSymbolExists.c
Linking C executable cmTC_37945
/usr/bin/cmake -E cmake_link_script CMakeFiles/cmTC_37945.dir/link.txt --verbose=1
/usr/bin/cc       CMakeFiles/cmTC_37945.dir/CheckSymbolExists.c.o  -o cmTC_37945 -rdynamic 
CMakeFiles/cmTC_37945.dir/CheckSymbolExists.c.o: In function `main':
CheckSymbolExists.c:(.text+0x16): undefined reference to `pthread_create'
collect2: error: ld returned 1 exit status
CMakeFiles/cmTC_37945.dir/build.make:97: recipe for target 'cmTC_37945' failed
make[1]: *** [cmTC_37945] Error 1
make[1]: Leaving directory '/home/vargoal/CERBERUS/build/CMakeFiles/CMakeTmp'
Makefile:126: recipe for target 'cmTC_37945/fast' failed
make: *** [cmTC_37945/fast] Error 2

File /home/vargoal/CERBERUS/build/CMakeFiles/CMakeTmp/CheckSymbolExists.c:
/* */
#include <pthread.h>

int main(int argc, char** argv)
{
  (void)argv;
#ifndef pthread_create
  return ((int*)(&pthread_create))[argc];
#else
  (void)argc;
  return 0;
#endif
}

Determining if the function pthread_create exists in the pthreads failed with the following output:
Change Dir: /home/vargoal/CERBERUS/build/CMakeFiles/CMakeTmp

Run Build Command:"/usr/bin/make" "cmTC_eca87/fast"
/usr/bin/make -f CMakeFiles/cmTC_eca87.dir/build.make CMakeFiles/cmTC_eca87.dir/build
make[1]: Entering directory '/home/vargoal/CERBERUS/build/CMakeFiles/CMakeTmp'
Building C object CMakeFiles/cmTC_eca87.dir/CheckFunctionExists.c.o
/usr/bin/cc    -DCHECK_FUNCTION_EXISTS=pthread_create   -o CMakeFiles/cmTC_eca87.dir/CheckFunctionExists.c.o   -c /usr/share/cmake-3.5/Modules/CheckFunctionExists.c
Linking C executable cmTC_eca87
/usr/bin/cmake -E cmake_link_script CMakeFiles/cmTC_eca87.dir/link.txt --verbose=1
/usr/bin/cc   -DCHECK_FUNCTION_EXISTS=pthread_create    CMakeFiles/cmTC_eca87.dir/CheckFunctionExists.c.o  -o cmTC_eca87 -rdynamic -lpthreads 
/usr/bin/ld: cannot find -lpthreads
collect2: error: ld returned 1 exit status
CMakeFiles/cmTC_eca87.dir/build.make:97: recipe for target 'cmTC_eca87' failed
make[1]: *** [cmTC_eca87] Error 1
make[1]: Leaving directory '/home/vargoal/CERBERUS/build/CMakeFiles/CMakeTmp'
Makefile:126: recipe for target 'cmTC_eca87/fast' failed
make: *** [cmTC_eca87/fast] Error 2


